<?xml version="1.0" encoding="utf-8"?><testsuites name="pytest tests"><testsuite name="pytest" errors="0" failures="0" skipped="0" tests="13" time="5.638" timestamp="2026-02-07T02:08:20.111707+00:00" hostname="agent-env-9a2d7170-4a05-4a30-9cec-f4decb812355"><testcase classname="backend.tests.test_bug_fixes.TestAuthentication" name="test_health_check" time="0.088" /><testcase classname="backend.tests.test_bug_fixes.TestAuthentication" name="test_login_with_admin_credentials" time="0.287" /><testcase classname="backend.tests.test_bug_fixes.TestAuthentication" name="test_login_invalid_credentials" time="0.054" /><testcase classname="backend.tests.test_bug_fixes.TestUserUpdateWithNeOperator" name="test_update_admin_user_name" time="0.457" /><testcase classname="backend.tests.test_bug_fixes.TestUserUpdateWithNeOperator" name="test_update_user_password" time="1.151" /><testcase classname="backend.tests.test_bug_fixes.TestUserUpdateWithNeOperator" name="test_update_user_email_duplicate_check" time="0.961" /><testcase classname="backend.tests.test_bug_fixes.TestChargerCreation" name="test_create_charger_with_charger_id" time="0.428" /><testcase classname="backend.tests.test_bug_fixes.TestChargerCreation" name="test_create_charger_without_charger_id_fails" time="0.304" /><testcase classname="backend.tests.test_bug_fixes.TestChargerCreation" name="test_get_chargers_list" time="0.309" /><testcase classname="backend.tests.test_bug_fixes.TestOCPPStatus" name="test_ocpp_status_endpoint" time="0.303" /><testcase classname="backend.tests.test_bug_fixes.TestOCPPStatus" name="test_ocpp_boots_endpoint" time="0.353" /><testcase classname="backend.tests.test_bug_fixes.TestOCPPStatus" name="test_ocpp_active_transactions" time="0.415" /><testcase classname="backend.tests.test_bug_fixes.TestDashboardStats" name="test_dashboard_stats_endpoint" time="0.370" /></testsuite></testsuites>