<?xml version="1.0" encoding="utf-8"?><testsuites name="pytest tests"><testsuite name="pytest" errors="0" failures="0" skipped="0" tests="29" time="8.063" timestamp="2026-02-07T03:24:41.437951+00:00" hostname="agent-env-9a2d7170-4a05-4a30-9cec-f4decb812355"><testcase classname="tests.test_email.TestEmailAuth" name="test_email_status_requires_auth" time="0.075" /><testcase classname="tests.test_email.TestEmailAuth" name="test_email_templates_requires_auth" time="0.041" /><testcase classname="tests.test_email.TestEmailAuth" name="test_email_preview_requires_auth" time="0.041" /><testcase classname="tests.test_email.TestEmailStatus" name="test_get_email_status" time="0.284" /><testcase classname="tests.test_email.TestEmailStatus" name="test_initialize_email_service" time="0.319" /><testcase classname="tests.test_email.TestEmailTemplates" name="test_get_all_templates" time="0.280" /><testcase classname="tests.test_email.TestEmailTemplates" name="test_get_single_template_low_balance" time="0.287" /><testcase classname="tests.test_email.TestEmailTemplates" name="test_get_single_template_transaction_complete" time="0.271" /><testcase classname="tests.test_email.TestEmailTemplates" name="test_get_single_template_welcome" time="0.275" /><testcase classname="tests.test_email.TestEmailTemplates" name="test_get_single_template_password_reset" time="0.273" /><testcase classname="tests.test_email.TestEmailTemplates" name="test_get_nonexistent_template" time="0.319" /><testcase classname="tests.test_email.TestEmailTemplates" name="test_create_custom_template" time="0.321" /><testcase classname="tests.test_email.TestEmailTemplates" name="test_create_duplicate_template" time="0.323" /><testcase classname="tests.test_email.TestEmailTemplates" name="test_update_template" time="0.373" /><testcase classname="tests.test_email.TestEmailTemplates" name="test_update_nonexistent_template" time="0.291" /><testcase classname="tests.test_email.TestEmailTemplates" name="test_delete_custom_template" time="0.363" /><testcase classname="tests.test_email.TestEmailTemplates" name="test_delete_default_template_not_allowed" time="0.363" /><testcase classname="tests.test_email.TestEmailTemplates" name="test_delete_nonexistent_template" time="0.269" /><testcase classname="tests.test_email.TestEmailPreview" name="test_preview_low_balance_template" time="0.275" /><testcase classname="tests.test_email.TestEmailPreview" name="test_preview_transaction_complete_template" time="0.335" /><testcase classname="tests.test_email.TestEmailPreview" name="test_preview_welcome_template" time="0.281" /><testcase classname="tests.test_email.TestEmailPreview" name="test_preview_password_reset_template" time="0.269" /><testcase classname="tests.test_email.TestEmailPreview" name="test_preview_nonexistent_template" time="0.270" /><testcase classname="tests.test_email.TestEmailPreview" name="test_preview_with_empty_variables" time="0.272" /><testcase classname="tests.test_email.TestEmailSending" name="test_send_template_email_without_config" time="0.312" /><testcase classname="tests.test_email.TestEmailSending" name="test_send_custom_email_without_config" time="0.301" /><testcase classname="tests.test_email.TestEmailSending" name="test_send_test_email_without_config" time="0.274" /><testcase classname="tests.test_email.TestEmailSending" name="test_send_email_invalid_email_format" time="0.313" /><testcase classname="tests.test_email.TestCleanup" name="test_cleanup_test_templates" time="0.280" /></testsuite></testsuites>