<?xml version="1.0" encoding="utf-8"?><testsuites name="pytest tests"><testsuite name="pytest" errors="0" failures="2" skipped="0" tests="25" time="5.443" timestamp="2026-02-07T02:28:37.307216+00:00" hostname="agent-env-9a2d7170-4a05-4a30-9cec-f4decb812355"><testcase classname="backend.tests.test_iteration_5.TestAuth" name="test_health_check" time="0.092" /><testcase classname="backend.tests.test_iteration_5.TestAuth" name="test_login_admin" time="0.303" /><testcase classname="backend.tests.test_iteration_5.TestAuth" name="test_login_invalid_credentials" time="0.266" /><testcase classname="backend.tests.test_iteration_5.TestChargers" name="test_create_charger_with_charger_id" time="0.344" /><testcase classname="backend.tests.test_iteration_5.TestChargers" name="test_create_charger_without_charger_id_fails" time="0.042" /><testcase classname="backend.tests.test_iteration_5.TestChargers" name="test_get_chargers" time="0.040" /><testcase classname="backend.tests.test_iteration_5.TestDashboard" name="test_dashboard_stats" time="0.310" /><testcase classname="backend.tests.test_iteration_5.TestOCPP" name="test_ocpp_status" time="0.318" /><testcase classname="backend.tests.test_iteration_5.TestOCPP" name="test_ocpp_boots" time="0.042" /><testcase classname="backend.tests.test_iteration_5.TestOCPP" name="test_ocpp_active_transactions" time="0.048" /><testcase classname="backend.tests.test_iteration_5.TestOCPP" name="test_ocpp_boot_notification" time="0.040" /><testcase classname="backend.tests.test_iteration_5.TestSettings" name="test_get_settings" time="0.304"><failure message="assert 404 == 200&#10; +  where 404 = &lt;Response [404]&gt;.status_code">backend/tests/test_iteration_5.py:193: in test_get_settings
    assert response.status_code == 200
E   assert 404 == 200
E    +  where 404 = &lt;Response [404]&gt;.status_code</failure></testcase><testcase classname="backend.tests.test_iteration_5.TestSettings" name="test_get_payu_settings" time="0.039" /><testcase classname="backend.tests.test_iteration_5.TestSettings" name="test_get_sendgrid_settings" time="0.045" /><testcase classname="backend.tests.test_iteration_5.TestUsers" name="test_get_users" time="0.314" /><testcase classname="backend.tests.test_iteration_5.TestUsers" name="test_create_user" time="0.312" /><testcase classname="backend.tests.test_iteration_5.TestUsers" name="test_update_user" time="0.375" /><testcase classname="backend.tests.test_iteration_5.TestUsers" name="test_delete_user" time="0.352"><failure message="assert 520 == 200&#10; +  where 520 = &lt;Response [520]&gt;.status_code">backend/tests/test_iteration_5.py:292: in test_delete_user
    assert delete_response.status_code == 200
E   assert 520 == 200
E    +  where 520 = &lt;Response [520]&gt;.status_code</failure></testcase><testcase classname="backend.tests.test_iteration_5.TestTransactions" name="test_get_transactions" time="0.341" /><testcase classname="backend.tests.test_iteration_5.TestTransactions" name="test_create_transaction" time="0.176" /><testcase classname="backend.tests.test_iteration_5.TestPricingGroups" name="test_get_pricing_groups" time="0.332" /><testcase classname="backend.tests.test_iteration_5.TestPricingGroups" name="test_create_pricing_group" time="0.126" /><testcase classname="backend.tests.test_iteration_5.TestRFIDCards" name="test_get_rfid_cards" time="0.350" /><testcase classname="backend.tests.test_iteration_5.TestFilters" name="test_get_stations_filter" time="0.355" /><testcase classname="backend.tests.test_iteration_5.TestFilters" name="test_get_accounts_filter" time="0.042" /></testsuite></testsuites>