<?xml version="1.0" encoding="utf-8"?><testsuites name="pytest tests"><testsuite name="pytest" errors="0" failures="0" skipped="0" tests="24" time="5.296" timestamp="2026-02-07T02:30:40.681214+00:00" hostname="agent-env-9a2d7170-4a05-4a30-9cec-f4decb812355"><testcase classname="backend.tests.test_iteration_5.TestAuth" name="test_health_check" time="0.109" /><testcase classname="backend.tests.test_iteration_5.TestAuth" name="test_login_admin" time="0.290" /><testcase classname="backend.tests.test_iteration_5.TestAuth" name="test_login_invalid_credentials" time="0.282" /><testcase classname="backend.tests.test_iteration_5.TestChargers" name="test_create_charger_with_charger_id" time="0.356" /><testcase classname="backend.tests.test_iteration_5.TestChargers" name="test_create_charger_without_charger_id_fails" time="0.041" /><testcase classname="backend.tests.test_iteration_5.TestChargers" name="test_get_chargers" time="0.043" /><testcase classname="backend.tests.test_iteration_5.TestDashboard" name="test_dashboard_stats" time="0.316" /><testcase classname="backend.tests.test_iteration_5.TestOCPP" name="test_ocpp_status" time="0.325" /><testcase classname="backend.tests.test_iteration_5.TestOCPP" name="test_ocpp_boots" time="0.054" /><testcase classname="backend.tests.test_iteration_5.TestOCPP" name="test_ocpp_active_transactions" time="0.047" /><testcase classname="backend.tests.test_iteration_5.TestOCPP" name="test_ocpp_boot_notification" time="0.047" /><testcase classname="backend.tests.test_iteration_5.TestSettings" name="test_get_payu_settings" time="0.315" /><testcase classname="backend.tests.test_iteration_5.TestSettings" name="test_get_sendgrid_settings" time="0.044" /><testcase classname="backend.tests.test_iteration_5.TestUsers" name="test_get_users" time="0.359" /><testcase classname="backend.tests.test_iteration_5.TestUsers" name="test_create_user" time="0.328" /><testcase classname="backend.tests.test_iteration_5.TestUsers" name="test_update_user" time="0.376" /><testcase classname="backend.tests.test_iteration_5.TestUsers" name="test_delete_user" time="0.347" /><testcase classname="backend.tests.test_iteration_5.TestTransactions" name="test_get_transactions" time="0.307" /><testcase classname="backend.tests.test_iteration_5.TestTransactions" name="test_create_transaction" time="0.120" /><testcase classname="backend.tests.test_iteration_5.TestPricingGroups" name="test_get_pricing_groups" time="0.315" /><testcase classname="backend.tests.test_iteration_5.TestPricingGroups" name="test_create_pricing_group" time="0.083" /><testcase classname="backend.tests.test_iteration_5.TestRFIDCards" name="test_get_rfid_cards" time="0.312" /><testcase classname="backend.tests.test_iteration_5.TestFilters" name="test_get_stations_filter" time="0.341" /><testcase classname="backend.tests.test_iteration_5.TestFilters" name="test_get_accounts_filter" time="0.042" /></testsuite></testsuites>