<?xml version="1.0" encoding="utf-8"?><testsuites name="pytest tests"><testsuite name="pytest" errors="0" failures="5" skipped="0" tests="21" time="2.034" timestamp="2026-02-07T03:14:07.378052+00:00" hostname="agent-env-9a2d7170-4a05-4a30-9cec-f4decb812355"><testcase classname="tests.test_ocpp.TestOCPPStatus" name="test_ocpp_status_returns_correct_structure" time="0.760" /><testcase classname="tests.test_ocpp.TestOCPPStatus" name="test_ocpp_status_requires_auth" time="0.039" /><testcase classname="tests.test_ocpp.TestOCPPChargersStatus" name="test_chargers_status_returns_list" time="0.041" /><testcase classname="tests.test_ocpp.TestOCPPBootNotifications" name="test_boots_returns_list" time="0.039" /><testcase classname="tests.test_ocpp.TestOCPPActiveTransactions" name="test_active_transactions_returns_list" time="0.039" /><testcase classname="tests.test_ocpp.TestOCPPSimulation" name="test_simulate_boot_notification" time="0.038" /><testcase classname="tests.test_ocpp.TestOCPPSimulation" name="test_simulate_start_transaction" time="0.123" /><testcase classname="tests.test_ocpp.TestOCPPSimulation" name="test_simulate_stop_transaction" time="0.159" /><testcase classname="tests.test_ocpp.TestOCPPSimulation" name="test_simulate_stop_invalid_transaction" time="0.037" /><testcase classname="tests.test_ocpp.TestOCPPRemoteCommands" name="test_remote_start_disconnected_charger" time="0.087" /><testcase classname="tests.test_ocpp.TestOCPPRemoteCommands" name="test_remote_stop_disconnected_charger" time="0.072" /><testcase classname="tests.test_ocpp.TestOCPPRemoteCommands" name="test_reset_disconnected_charger" time="0.079" /><testcase classname="tests.test_ocpp.TestOCPPRemoteCommands" name="test_reset_invalid_type" time="0.036" /><testcase classname="tests.test_ocpp.TestOCPPRemoteCommands" name="test_remote_start_nonexistent_charger" time="0.039" /><testcase classname="tests.test_ocpp.TestOCPPWebSocket" name="test_websocket_boot_notification" time="0.001"><failure message="Failed: async def functions are not natively supported.&#10;You need to install a suitable plugin for your async framework, for example:&#10;  - anyio&#10;  - pytest-asyncio&#10;  - pytest-tornasync&#10;  - pytest-trio&#10;  - pytest-twisted">async def functions are not natively supported.
You need to install a suitable plugin for your async framework, for example:
  - anyio
  - pytest-asyncio
  - pytest-tornasync
  - pytest-trio
  - pytest-twisted</failure></testcase><testcase classname="tests.test_ocpp.TestOCPPWebSocket" name="test_websocket_heartbeat" time="0.001"><failure message="Failed: async def functions are not natively supported.&#10;You need to install a suitable plugin for your async framework, for example:&#10;  - anyio&#10;  - pytest-asyncio&#10;  - pytest-tornasync&#10;  - pytest-trio&#10;  - pytest-twisted">async def functions are not natively supported.
You need to install a suitable plugin for your async framework, for example:
  - anyio
  - pytest-asyncio
  - pytest-tornasync
  - pytest-trio
  - pytest-twisted</failure></testcase><testcase classname="tests.test_ocpp.TestOCPPWebSocket" name="test_websocket_status_notification" time="0.001"><failure message="Failed: async def functions are not natively supported.&#10;You need to install a suitable plugin for your async framework, for example:&#10;  - anyio&#10;  - pytest-asyncio&#10;  - pytest-tornasync&#10;  - pytest-trio&#10;  - pytest-twisted">async def functions are not natively supported.
You need to install a suitable plugin for your async framework, for example:
  - anyio
  - pytest-asyncio
  - pytest-tornasync
  - pytest-trio
  - pytest-twisted</failure></testcase><testcase classname="tests.test_ocpp.TestOCPPWebSocket" name="test_websocket_authorize" time="0.000"><failure message="Failed: async def functions are not natively supported.&#10;You need to install a suitable plugin for your async framework, for example:&#10;  - anyio&#10;  - pytest-asyncio&#10;  - pytest-tornasync&#10;  - pytest-trio&#10;  - pytest-twisted">async def functions are not natively supported.
You need to install a suitable plugin for your async framework, for example:
  - anyio
  - pytest-asyncio
  - pytest-tornasync
  - pytest-trio
  - pytest-twisted</failure></testcase><testcase classname="tests.test_ocpp.TestOCPPWebSocket" name="test_websocket_full_transaction_flow" time="0.001"><failure message="Failed: async def functions are not natively supported.&#10;You need to install a suitable plugin for your async framework, for example:&#10;  - anyio&#10;  - pytest-asyncio&#10;  - pytest-tornasync&#10;  - pytest-trio&#10;  - pytest-twisted">async def functions are not natively supported.
You need to install a suitable plugin for your async framework, for example:
  - anyio
  - pytest-asyncio
  - pytest-tornasync
  - pytest-trio
  - pytest-twisted</failure></testcase><testcase classname="tests.test_ocpp.TestOCPPIntegration" name="test_online_chargers_count_updates" time="0.035" /><testcase classname="tests.test_ocpp.TestOCPPIntegration" name="test_boot_count_increases_after_simulation" time="0.122" /></testsuite></testsuites>