<?xml version="1.0" encoding="utf-8"?><testsuites name="pytest tests"><testsuite name="pytest" errors="0" failures="1" skipped="0" tests="21" time="2.054" timestamp="2026-02-07T03:14:36.485911+00:00" hostname="agent-env-9a2d7170-4a05-4a30-9cec-f4decb812355"><testcase classname="tests.test_ocpp.TestOCPPStatus" name="test_ocpp_status_returns_correct_structure" time="0.364" /><testcase classname="tests.test_ocpp.TestOCPPStatus" name="test_ocpp_status_requires_auth" time="0.070" /><testcase classname="tests.test_ocpp.TestOCPPChargersStatus" name="test_chargers_status_returns_list" time="0.067" /><testcase classname="tests.test_ocpp.TestOCPPBootNotifications" name="test_boots_returns_list" time="0.044" /><testcase classname="tests.test_ocpp.TestOCPPActiveTransactions" name="test_active_transactions_returns_list" time="0.054" /><testcase classname="tests.test_ocpp.TestOCPPSimulation" name="test_simulate_boot_notification" time="0.068" /><testcase classname="tests.test_ocpp.TestOCPPSimulation" name="test_simulate_start_transaction" time="0.121" /><testcase classname="tests.test_ocpp.TestOCPPSimulation" name="test_simulate_stop_transaction" time="0.202" /><testcase classname="tests.test_ocpp.TestOCPPSimulation" name="test_simulate_stop_invalid_transaction" time="0.056" /><testcase classname="tests.test_ocpp.TestOCPPRemoteCommands" name="test_remote_start_disconnected_charger" time="0.140" /><testcase classname="tests.test_ocpp.TestOCPPRemoteCommands" name="test_remote_stop_disconnected_charger" time="0.124" /><testcase classname="tests.test_ocpp.TestOCPPRemoteCommands" name="test_reset_disconnected_charger" time="0.113" /><testcase classname="tests.test_ocpp.TestOCPPRemoteCommands" name="test_reset_invalid_type" time="0.038" /><testcase classname="tests.test_ocpp.TestOCPPRemoteCommands" name="test_remote_start_nonexistent_charger" time="0.076" /><testcase classname="tests.test_ocpp.TestOCPPWebSocket" name="test_websocket_boot_notification" time="0.019" /><testcase classname="tests.test_ocpp.TestOCPPWebSocket" name="test_websocket_heartbeat" time="0.016" /><testcase classname="tests.test_ocpp.TestOCPPWebSocket" name="test_websocket_status_notification" time="0.011" /><testcase classname="tests.test_ocpp.TestOCPPWebSocket" name="test_websocket_authorize" time="0.015" /><testcase classname="tests.test_ocpp.TestOCPPWebSocket" name="test_websocket_full_transaction_flow" time="0.036"><failure message="AttributeError: 'NoneType' object has no attribute 'id_tag_info'">tests/test_ocpp.py:505: in test_websocket_full_transaction_flow
    assert stop_response.id_tag_info["status"] == "Accepted"
           ^^^^^^^^^^^^^^^^^^^^^^^^^
E   AttributeError: 'NoneType' object has no attribute 'id_tag_info'</failure></testcase><testcase classname="tests.test_ocpp.TestOCPPIntegration" name="test_online_chargers_count_updates" time="0.048" /><testcase classname="tests.test_ocpp.TestOCPPIntegration" name="test_boot_count_increases_after_simulation" time="0.160" /></testsuite></testsuites>