<?xml version="1.0" encoding="utf-8"?><testsuites name="pytest tests"><testsuite name="pytest" errors="0" failures="0" skipped="0" tests="13" time="5.028" timestamp="2026-01-21T17:23:13.274764+00:00" hostname="agent-env-29cae787-d7e8-4022-b44a-bb5c370e9bf8"><testcase classname="tests.test_pricing_groups.TestPricingGroupsCRUD" name="test_get_pricing_groups" time="0.333" /><testcase classname="tests.test_pricing_groups.TestPricingGroupsCRUD" name="test_create_pricing_group" time="0.347" /><testcase classname="tests.test_pricing_groups.TestPricingGroupsCRUD" name="test_get_single_pricing_group" time="0.378" /><testcase classname="tests.test_pricing_groups.TestPricingGroupsCRUD" name="test_update_pricing_group" time="0.412" /><testcase classname="tests.test_pricing_groups.TestPricingGroupsCRUD" name="test_delete_pricing_group" time="0.376" /><testcase classname="tests.test_pricing_groups.TestPricingGroupsCRUD" name="test_duplicate_group_name_rejected" time="0.376" /><testcase classname="tests.test_pricing_groups.TestUserAssignment" name="test_get_group_users_empty" time="0.443" /><testcase classname="tests.test_pricing_groups.TestUserAssignment" name="test_assign_user_to_group" time="0.544" /><testcase classname="tests.test_pricing_groups.TestUserAssignment" name="test_remove_user_from_group" time="0.551" /><testcase classname="tests.test_pricing_groups.TestUserAssignment" name="test_cannot_delete_group_with_users" time="0.518" /><testcase classname="tests.test_pricing_groups.TestPricingLogic" name="test_existing_premium_group_pricing" time="0.294" /><testcase classname="tests.test_pricing_groups.TestAuthentication" name="test_get_pricing_groups_requires_auth" time="0.034" /><testcase classname="tests.test_pricing_groups.TestAuthentication" name="test_create_pricing_group_requires_admin" time="0.291" /></testsuite></testsuites>