<?xml version="1.0" encoding="utf-8"?><testsuites name="pytest tests"><testsuite name="pytest" errors="0" failures="0" skipped="0" tests="19" time="6.313" timestamp="2026-01-21T15:02:49.310094+00:00" hostname="agent-env-aaa9fe04-f108-4618-b184-6891286df862"><testcase classname="tests.test_ev_charging_api.TestAuth" name="test_login_admin_success" time="0.307" /><testcase classname="tests.test_ev_charging_api.TestAuth" name="test_login_invalid_credentials" time="0.046" /><testcase classname="tests.test_ev_charging_api.TestDashboard" name="test_dashboard_stats" time="0.339" /><testcase classname="tests.test_ev_charging_api.TestChargersCRUD" name="test_get_chargers" time="0.297" /><testcase classname="tests.test_ev_charging_api.TestChargersCRUD" name="test_create_charger_with_ccs2_chademo" time="0.343" /><testcase classname="tests.test_ev_charging_api.TestChargersCRUD" name="test_update_charger" time="0.416" /><testcase classname="tests.test_ev_charging_api.TestChargersCRUD" name="test_delete_charger" time="0.407" /><testcase classname="tests.test_ev_charging_api.TestReports" name="test_generate_report_no_filters" time="0.302" /><testcase classname="tests.test_ev_charging_api.TestReports" name="test_generate_report_with_filters" time="0.300" /><testcase classname="tests.test_ev_charging_api.TestOCPPRemoteControl" name="test_ocpp_status" time="0.304" /><testcase classname="tests.test_ev_charging_api.TestOCPPRemoteControl" name="test_ocpp_boots" time="0.298" /><testcase classname="tests.test_ev_charging_api.TestOCPPRemoteControl" name="test_ocpp_active_transactions" time="0.301" /><testcase classname="tests.test_ev_charging_api.TestOCPPRemoteControl" name="test_remote_start_transaction" time="0.448" /><testcase classname="tests.test_ev_charging_api.TestTransactions" name="test_get_transactions" time="0.331" /><testcase classname="tests.test_ev_charging_api.TestTransactions" name="test_update_transaction_payment_status" time="0.410" /><testcase classname="tests.test_ev_charging_api.TestTransactions" name="test_invoice_generation_for_paid_transaction" time="0.367" /><testcase classname="tests.test_ev_charging_api.TestTransactions" name="test_invoice_fails_for_unpaid_transaction" time="0.369" /><testcase classname="tests.test_ev_charging_api.TestFilters" name="test_get_stations" time="0.295" /><testcase classname="tests.test_ev_charging_api.TestFilters" name="test_get_accounts" time="0.293" /></testsuite></testsuites>