<?xml version="1.0" encoding="utf-8"?><testsuites name="pytest tests"><testsuite name="pytest" errors="0" failures="0" skipped="0" tests="41" time="13.585" timestamp="2026-02-07T02:55:03.432305+00:00" hostname="agent-env-9a2d7170-4a05-4a30-9cec-f4decb812355"><testcase classname="tests.test_refactored_backend.TestHealthCheck" name="test_health_endpoint" time="0.059" /><testcase classname="tests.test_refactored_backend.TestAuthentication" name="test_login_success" time="0.291" /><testcase classname="tests.test_refactored_backend.TestAuthentication" name="test_login_invalid_credentials" time="0.037" /><testcase classname="tests.test_refactored_backend.TestAuthentication" name="test_get_me_authenticated" time="0.303" /><testcase classname="tests.test_refactored_backend.TestAuthentication" name="test_get_me_unauthorized" time="0.074" /><testcase classname="tests.test_refactored_backend.TestUserManagement" name="test_get_users_list" time="0.301" /><testcase classname="tests.test_refactored_backend.TestUserManagement" name="test_create_user" time="0.610" /><testcase classname="tests.test_refactored_backend.TestUserManagement" name="test_update_user" time="0.609" /><testcase classname="tests.test_refactored_backend.TestUserManagement" name="test_delete_user" time="0.590" /><testcase classname="tests.test_refactored_backend.TestChargerManagement" name="test_get_chargers_list" time="0.295" /><testcase classname="tests.test_refactored_backend.TestChargerManagement" name="test_create_charger" time="0.347" /><testcase classname="tests.test_refactored_backend.TestChargerManagement" name="test_create_charger_without_charger_id_fails" time="0.296" /><testcase classname="tests.test_refactored_backend.TestChargerManagement" name="test_update_charger" time="0.378" /><testcase classname="tests.test_refactored_backend.TestChargerManagement" name="test_delete_charger" time="0.376" /><testcase classname="tests.test_refactored_backend.TestTransactionManagement" name="test_get_transactions_list" time="0.309" /><testcase classname="tests.test_refactored_backend.TestTransactionManagement" name="test_create_transaction" time="0.381" /><testcase classname="tests.test_refactored_backend.TestTransactionManagement" name="test_update_transaction" time="0.398" /><testcase classname="tests.test_refactored_backend.TestTransactionManagement" name="test_delete_transaction" time="0.349" /><testcase classname="tests.test_refactored_backend.TestPricingManagement" name="test_get_pricing_rules" time="0.300" /><testcase classname="tests.test_refactored_backend.TestPricingManagement" name="test_create_pricing_rule" time="0.340" /><testcase classname="tests.test_refactored_backend.TestPricingManagement" name="test_get_pricing_groups" time="0.303" /><testcase classname="tests.test_refactored_backend.TestPricingManagement" name="test_create_pricing_group" time="0.351" /><testcase classname="tests.test_refactored_backend.TestRFIDManagement" name="test_get_rfid_cards" time="0.298" /><testcase classname="tests.test_refactored_backend.TestRFIDManagement" name="test_create_rfid_card" time="0.345" /><testcase classname="tests.test_refactored_backend.TestRFIDManagement" name="test_topup_rfid_card" time="0.403" /><testcase classname="tests.test_refactored_backend.TestDashboard" name="test_get_dashboard_stats" time="0.311" /><testcase classname="tests.test_refactored_backend.TestDashboard" name="test_get_stations_filter" time="0.308" /><testcase classname="tests.test_refactored_backend.TestDashboard" name="test_get_accounts_filter" time="0.323" /><testcase classname="tests.test_refactored_backend.TestOCPP" name="test_get_ocpp_status" time="0.316" /><testcase classname="tests.test_refactored_backend.TestOCPP" name="test_get_boot_notifications" time="0.302" /><testcase classname="tests.test_refactored_backend.TestOCPP" name="test_get_active_transactions" time="0.357" /><testcase classname="tests.test_refactored_backend.TestOCPP" name="test_boot_notification" time="0.323" /><testcase classname="tests.test_refactored_backend.TestSettings" name="test_get_payu_settings" time="0.352" /><testcase classname="tests.test_refactored_backend.TestSettings" name="test_get_sendgrid_settings" time="0.305" /><testcase classname="tests.test_refactored_backend.TestSettings" name="test_get_invoice_webhook_settings" time="0.348" /><testcase classname="tests.test_refactored_backend.TestExport" name="test_export_users" time="0.367" /><testcase classname="tests.test_refactored_backend.TestExport" name="test_export_transactions" time="0.313" /><testcase classname="tests.test_refactored_backend.TestExport" name="test_export_rfid_cards" time="0.337" /><testcase classname="tests.test_refactored_backend.TestExport" name="test_download_user_template" time="0.322" /><testcase classname="tests.test_refactored_backend.TestExport" name="test_download_transactions_template" time="0.311" /><testcase classname="tests.test_refactored_backend.TestAdminSetup" name="test_setup_admin" time="0.260" /></testsuite></testsuites>