<?xml version="1.0" encoding="utf-8"?><testsuites name="pytest tests"><testsuite name="pytest" errors="0" failures="2" skipped="0" tests="41" time="14.266" timestamp="2026-02-07T02:52:24.029314+00:00" hostname="agent-env-9a2d7170-4a05-4a30-9cec-f4decb812355"><testcase classname="tests.test_refactored_backend.TestHealthCheck" name="test_health_endpoint" time="0.093" /><testcase classname="tests.test_refactored_backend.TestAuthentication" name="test_login_success" time="0.294" /><testcase classname="tests.test_refactored_backend.TestAuthentication" name="test_login_invalid_credentials" time="0.083" /><testcase classname="tests.test_refactored_backend.TestAuthentication" name="test_get_me_authenticated" time="0.332" /><testcase classname="tests.test_refactored_backend.TestAuthentication" name="test_get_me_unauthorized" time="0.048" /><testcase classname="tests.test_refactored_backend.TestUserManagement" name="test_get_users_list" time="0.321" /><testcase classname="tests.test_refactored_backend.TestUserManagement" name="test_create_user" time="0.581" /><testcase classname="tests.test_refactored_backend.TestUserManagement" name="test_update_user" time="0.631" /><testcase classname="tests.test_refactored_backend.TestUserManagement" name="test_delete_user" time="0.620" /><testcase classname="tests.test_refactored_backend.TestChargerManagement" name="test_get_chargers_list" time="0.296" /><testcase classname="tests.test_refactored_backend.TestChargerManagement" name="test_create_charger" time="0.341" /><testcase classname="tests.test_refactored_backend.TestChargerManagement" name="test_create_charger_without_charger_id_fails" time="0.301" /><testcase classname="tests.test_refactored_backend.TestChargerManagement" name="test_update_charger" time="0.459" /><testcase classname="tests.test_refactored_backend.TestChargerManagement" name="test_delete_charger" time="0.372" /><testcase classname="tests.test_refactored_backend.TestTransactionManagement" name="test_get_transactions_list" time="0.325" /><testcase classname="tests.test_refactored_backend.TestTransactionManagement" name="test_create_transaction" time="0.339" /><testcase classname="tests.test_refactored_backend.TestTransactionManagement" name="test_update_transaction" time="0.418" /><testcase classname="tests.test_refactored_backend.TestTransactionManagement" name="test_delete_transaction" time="0.358" /><testcase classname="tests.test_refactored_backend.TestPricingManagement" name="test_get_pricing_rules" time="0.309" /><testcase classname="tests.test_refactored_backend.TestPricingManagement" name="test_create_pricing_rule" time="0.359" /><testcase classname="tests.test_refactored_backend.TestPricingManagement" name="test_get_pricing_groups" time="0.339" /><testcase classname="tests.test_refactored_backend.TestPricingManagement" name="test_create_pricing_group" time="0.442" /><testcase classname="tests.test_refactored_backend.TestRFIDManagement" name="test_get_rfid_cards" time="0.329" /><testcase classname="tests.test_refactored_backend.TestRFIDManagement" name="test_create_rfid_card" time="0.327"><failure message="assert 520 == 200&#10; +  where 520 = &lt;Response [520]&gt;.status_code">tests/test_refactored_backend.py:456: in test_create_rfid_card
    assert response.status_code == 200
E   assert 520 == 200
E    +  where 520 = &lt;Response [520]&gt;.status_code</failure></testcase><testcase classname="tests.test_refactored_backend.TestRFIDManagement" name="test_topup_rfid_card" time="0.325"><failure message="requests.exceptions.JSONDecodeError: Expecting value: line 1 column 1 (char 0)">/root/.venv/lib/python3.11/site-packages/requests/models.py:976: in json
    return complexjson.loads(self.text, **kwargs)
           ^^^^^^^^^^^^^^^^^^^^^^^^^^^^^^^^^^^^^^
/usr/local/lib/python3.11/json/__init__.py:346: in loads
    return _default_decoder.decode(s)
           ^^^^^^^^^^^^^^^^^^^^^^^^^^
/usr/local/lib/python3.11/json/decoder.py:337: in decode
    obj, end = self.raw_decode(s, idx=_w(s, 0).end())
               ^^^^^^^^^^^^^^^^^^^^^^^^^^^^^^^^^^^^^^
/usr/local/lib/python3.11/json/decoder.py:355: in raw_decode
    raise JSONDecodeError("Expecting value", s, err.value) from None
E   json.decoder.JSONDecodeError: Expecting value: line 1 column 1 (char 0)

During handling of the above exception, another exception occurred:
tests/test_refactored_backend.py:474: in test_topup_rfid_card
    card_id = create_response.json()["id"]
              ^^^^^^^^^^^^^^^^^^^^^^
/root/.venv/lib/python3.11/site-packages/requests/models.py:980: in json
    raise RequestsJSONDecodeError(e.msg, e.doc, e.pos)
E   requests.exceptions.JSONDecodeError: Expecting value: line 1 column 1 (char 0)</failure></testcase><testcase classname="tests.test_refactored_backend.TestDashboard" name="test_get_dashboard_stats" time="0.332" /><testcase classname="tests.test_refactored_backend.TestDashboard" name="test_get_stations_filter" time="0.314" /><testcase classname="tests.test_refactored_backend.TestDashboard" name="test_get_accounts_filter" time="0.298" /><testcase classname="tests.test_refactored_backend.TestOCPP" name="test_get_ocpp_status" time="0.303" /><testcase classname="tests.test_refactored_backend.TestOCPP" name="test_get_boot_notifications" time="0.321" /><testcase classname="tests.test_refactored_backend.TestOCPP" name="test_get_active_transactions" time="0.309" /><testcase classname="tests.test_refactored_backend.TestOCPP" name="test_boot_notification" time="0.355" /><testcase classname="tests.test_refactored_backend.TestSettings" name="test_get_payu_settings" time="0.312" /><testcase classname="tests.test_refactored_backend.TestSettings" name="test_get_sendgrid_settings" time="0.341" /><testcase classname="tests.test_refactored_backend.TestSettings" name="test_get_invoice_webhook_settings" time="0.330" /><testcase classname="tests.test_refactored_backend.TestExport" name="test_export_users" time="0.689" /><testcase classname="tests.test_refactored_backend.TestExport" name="test_export_transactions" time="0.319" /><testcase classname="tests.test_refactored_backend.TestExport" name="test_export_rfid_cards" time="0.318" /><testcase classname="tests.test_refactored_backend.TestExport" name="test_download_user_template" time="0.302" /><testcase classname="tests.test_refactored_backend.TestExport" name="test_download_transactions_template" time="0.308" /><testcase classname="tests.test_refactored_backend.TestAdminSetup" name="test_setup_admin" time="0.270" /></testsuite></testsuites>